Using pre-set license
Built from '2021.3/staging' branch; Version is '2021.3.4f1 (cb45f9cae8b7) revision 13321721'; Using compiler version '192829333'; Build Type 'Release'
OS: 'Windows 10  (10.0.19043) 64bit Professional' Language: 'zh' Physical Memory: 16061 MB
BatchMode: 1, IsHumanControllingUs: 0, StartBugReporterOnCrash: 0, Is64bit: 1, IsPro: 1

COMMAND LINE ARGUMENTS:
C:\Program Files\Unity\Hub\Editor\2021.3.4f1\Editor\Unity.exe
-adb2
-batchMode
-noUpm
-name
AssetImportWorker0
-projectPath
D:/my/Unity/AngryBots2/AngryBots2_Project
-logFile
Logs/AssetImportWorker0.log
-srvPort
60849
Successfully changed project path to: D:/my/Unity/AngryBots2/AngryBots2_Project
D:/my/Unity/AngryBots2/AngryBots2_Project
[UnityMemory] Configuration Parameters - Can be set up in boot.config
    "memorysetup-bucket-allocator-granularity=16"
    "memorysetup-bucket-allocator-bucket-count=8"
    "memorysetup-bucket-allocator-block-size=33554432"
    "memorysetup-bucket-allocator-block-count=8"
    "memorysetup-main-allocator-block-size=16777216"
    "memorysetup-thread-allocator-block-size=16777216"
    "memorysetup-gfx-main-allocator-block-size=16777216"
    "memorysetup-gfx-thread-allocator-block-size=16777216"
    "memorysetup-cache-allocator-block-size=4194304"
    "memorysetup-typetree-allocator-block-size=2097152"
    "memorysetup-profiler-bucket-allocator-granularity=16"
    "memorysetup-profiler-bucket-allocator-bucket-count=8"
    "memorysetup-profiler-bucket-allocator-block-size=33554432"
    "memorysetup-profiler-bucket-allocator-block-count=8"
    "memorysetup-profiler-allocator-block-size=16777216"
    "memorysetup-profiler-editor-allocator-block-size=1048576"
    "memorysetup-temp-allocator-size-main=16777216"
    "memorysetup-job-temp-allocator-block-size=2097152"
    "memorysetup-job-temp-allocator-block-size-background=1048576"
    "memorysetup-job-temp-allocator-reduction-small-platforms=262144"
    "memorysetup-temp-allocator-size-background-worker=32768"
    "memorysetup-temp-allocator-size-job-worker=262144"
    "memorysetup-temp-allocator-size-preload-manager=33554432"
    "memorysetup-temp-allocator-size-nav-mesh-worker=65536"
    "memorysetup-temp-allocator-size-audio-worker=65536"
    "memorysetup-temp-allocator-size-cloud-worker=32768"
    "memorysetup-temp-allocator-size-gi-baking-worker=262144"
    "memorysetup-temp-allocator-size-gfx=262144"
Refreshing native plugins compatible for Editor in 69.34 ms, found 2 plugins.
Preloading 0 native plugins for Editor in 0.00 ms.
Initialize engine version: 2021.3.4f1 (cb45f9cae8b7)
[Subsystems] Discovering subsystems at path C:/Program Files/Unity/Hub/Editor/2021.3.4f1/Editor/Data/Resources/UnitySubsystems
[Subsystems] Discovering subsystems at path D:/my/Unity/AngryBots2/AngryBots2_Project/Assets
GfxDevice: creating device client; threaded=0; jobified=0
Direct3D:
    Version:  Direct3D 11.0 [level 11.1]
    Renderer: NVIDIA GeForce RTX 3060 Laptop GPU (ID=0x2520)
    Vendor:   NVIDIA
    VRAM:     6023 MB
    Driver:   30.0.15.1179
Initialize mono
Mono path[0] = 'C:/Program Files/Unity/Hub/Editor/2021.3.4f1/Editor/Data/Managed'
Mono path[1] = 'C:/Program Files/Unity/Hub/Editor/2021.3.4f1/Editor/Data/MonoBleedingEdge/lib/mono/unityjit-win32'
Mono config path = 'C:/Program Files/Unity/Hub/Editor/2021.3.4f1/Editor/Data/MonoBleedingEdge/etc'
Using monoOptions --debugger-agent=transport=dt_socket,embedding=1,server=y,suspend=n,address=127.0.0.1:56920
Begin MonoManager ReloadAssembly
Registering precompiled unity dll's ...
Register platform support module: C:/Program Files/Unity/Hub/Editor/2021.3.4f1/Editor/Data/PlaybackEngines/WindowsStandaloneSupport/UnityEditor.WindowsStandalone.Extensions.dll
Registered in 0.005354 seconds.
Native extension for WindowsStandalone target not found
Refreshing native plugins compatible for Editor in 65.29 ms, found 2 plugins.
Preloading 0 native plugins for Editor in 0.00 ms.
Mono: successfully reloaded assembly
- Completed reload, in  0.516 seconds
Domain Reload Profiling:
	ReloadAssembly (516ms)
		BeginReloadAssembly (58ms)
			ExecutionOrderSort (0ms)
			DisableScriptedObjects (0ms)
			BackupInstance (0ms)
			ReleaseScriptingObjects (0ms)
			CreateAndSetChildDomain (1ms)
		EndReloadAssembly (371ms)
			LoadAssemblies (55ms)
			RebuildTransferFunctionScriptingTraits (0ms)
			SetupTypeCache (83ms)
			ReleaseScriptCaches (0ms)
			RebuildScriptCaches (31ms)
			SetupLoadedEditorAssemblies (217ms)
				LogAssemblyErrors (0ms)
				InitializePlatformSupportModulesInManaged (7ms)
				SetLoadedEditorAssemblies (0ms)
				RefreshPlugins (65ms)
				BeforeProcessingInitializeOnLoad (1ms)
				ProcessInitializeOnLoadAttributes (102ms)
				ProcessInitializeOnLoadMethodAttributes (41ms)
				AfterProcessingInitializeOnLoad (0ms)
				EditorAssembliesLoaded (0ms)
			ExecutionOrderSort2 (0ms)
			AwakeInstancesAfterBackupRestoration (0ms)
Platform modules already initialized, skipping
Registering precompiled user dll's ...
Registered in 0.004802 seconds.
Begin MonoManager ReloadAssembly
Native extension for WindowsStandalone target not found
Refreshing native plugins compatible for Editor in 60.19 ms, found 2 plugins.
Preloading 0 native plugins for Editor in 0.00 ms.
Package Manager log level set to [2]
Mono: successfully reloaded assembly
- Completed reload, in  1.123 seconds
Domain Reload Profiling:
	ReloadAssembly (1123ms)
		BeginReloadAssembly (102ms)
			ExecutionOrderSort (0ms)
			DisableScriptedObjects (4ms)
			BackupInstance (0ms)
			ReleaseScriptingObjects (0ms)
			CreateAndSetChildDomain (18ms)
		EndReloadAssembly (923ms)
			LoadAssemblies (107ms)
			RebuildTransferFunctionScriptingTraits (0ms)
			SetupTypeCache (194ms)
			ReleaseScriptCaches (1ms)
			RebuildScriptCaches (52ms)
			SetupLoadedEditorAssemblies (521ms)
				LogAssemblyErrors (0ms)
				InitializePlatformSupportModulesInManaged (4ms)
				SetLoadedEditorAssemblies (0ms)
				RefreshPlugins (60ms)
				BeforeProcessingInitializeOnLoad (84ms)
				ProcessInitializeOnLoadAttributes (217ms)
				ProcessInitializeOnLoadMethodAttributes (149ms)
				AfterProcessingInitializeOnLoad (7ms)
				EditorAssembliesLoaded (0ms)
			ExecutionOrderSort2 (0ms)
			AwakeInstancesAfterBackupRestoration (7ms)
Platform modules already initialized, skipping
========================================================================
Worker process is ready to serve import requests
Launched and connected shader compiler UnityShaderCompiler.exe after 0.06 seconds
Refreshing native plugins compatible for Editor in 1.18 ms, found 2 plugins.
Preloading 0 native plugins for Editor in 0.00 ms.
Unloading 4280 Unused Serialized files (Serialized files now loaded: 0)
Unloading 83 unused Assets / (0.8 MB). Loaded Objects now: 4704.
Memory consumption went from 182.7 MB to 181.9 MB.
Total: 5.975700 ms (FindLiveObjects: 0.367300 ms CreateObjectMapping: 0.181900 ms MarkObjects: 5.133800 ms  DeleteObjects: 0.292000 ms)

AssetImportParameters requested are different than current active one (requested -> active):
  custom:video-decoder-ogg-theora: a1e56fd34408186e4bbccfd4996cb3dc -> 
  custom:container-muxer-webm: aa71ff27fc2769a1b78a27578f13a17b -> 
  custom:container-demuxer-webm: 4f35f7cbe854078d1ac9338744f61a02 -> 
  custom:video-encoder-webm-vp8: eb34c28f22e8b96e1ab97ce403110664 -> 
  custom:video-codec-MediaFoundation-h265: 746d11721c4dcdbdad8f713fa42b33f4 -> 
  custom:audio-encoder-webm-vorbis: bf7c407c2cedff20999df2af8eb42d56 -> 
  custom:framework-win-MediaFoundation: 216162199b28c13a410421893ffa2e32 -> 
  custom:container-demuxer-ogg: 62fdf1f143b41e24485cea50d1cbac27 -> 
  custom:video-decoder-webm-vp8: 9c59270c3fd7afecdb556c50c9e8de78 -> 
  custom:audio-decoder-ogg-vorbis: bf7c407c2cedff20999df2af8eb42d56 -> 
========================================================================
Received Import Request.
  Time since last request: 284839.376331 seconds.
  path: Assets/ForwardRenderer.asset
  artifactKey: Guid(faf209e353dee1f4bb55c1c83a032e51) Importer(815301076,1909f56bfc062723c751e8b465ee728b)
Start importing Assets/ForwardRenderer.asset using Guid(faf209e353dee1f4bb55c1c83a032e51) Importer(815301076,1909f56bfc062723c751e8b465ee728b)  -> (artifact id: '169e1e2c0950810757ff2d0a9089f013') in 0.033580 seconds 
========================================================================
Received Import Request.
  Time since last request: 337.455874 seconds.
  path: Assets/ScriptableRenderPasses/XRay/XRay-Graph.mat
  artifactKey: Guid(b3778a87dc962964093d6cb07edb8206) Importer(815301076,1909f56bfc062723c751e8b465ee728b)
Start importing Assets/ScriptableRenderPasses/XRay/XRay-Graph.mat using Guid(b3778a87dc962964093d6cb07edb8206) Importer(815301076,1909f56bfc062723c751e8b465ee728b)  -> (artifact id: '21370dec5e1c183fec3b9e0fa66e9c64') in 0.577499 seconds 
========================================================================
Received Import Request.
  Time since last request: 38.445489 seconds.
  path: Assets/Prefabs/UI/ScoreCanvas.prefab
  artifactKey: Guid(22d993276ac624cf3b444113a4d9e19a) Importer(815301076,1909f56bfc062723c751e8b465ee728b)
Start importing Assets/Prefabs/UI/ScoreCanvas.prefab using Guid(22d993276ac624cf3b444113a4d9e19a) Importer(815301076,1909f56bfc062723c751e8b465ee728b)  -> (artifact id: '6212fc54def775a5fb2fd6f3953efde6') in 0.018701 seconds 
========================================================================
Received Import Request.
  Time since last request: 4.654815 seconds.
  path: Packages/com.unity.render-pipelines.universal/ShaderLibrary/Core.hlsl
  artifactKey: Guid(53686bf58189656459fca4c6ab04ebe5) Importer(815301076,1909f56bfc062723c751e8b465ee728b)
Start importing Packages/com.unity.render-pipelines.universal/ShaderLibrary/Core.hlsl using Guid(53686bf58189656459fca4c6ab04ebe5) Importer(815301076,1909f56bfc062723c751e8b465ee728b)  -> (artifact id: '34314fc927b6b4756ceb2b59fea3d749') in 0.007453 seconds 
========================================================================
Received Import Request.
  Time since last request: 0.055991 seconds.
  path: Packages/com.unity.render-pipelines.core/Tests/Editor/Unity.RenderPipelines.Core.Editor.Tests.asmdef
  artifactKey: Guid(6e5480588ffa37d4f82fe96c45e8ce9c) Importer(815301076,1909f56bfc062723c751e8b465ee728b)
Start importing Packages/com.unity.render-pipelines.core/Tests/Editor/Unity.RenderPipelines.Core.Editor.Tests.asmdef using Guid(6e5480588ffa37d4f82fe96c45e8ce9c) Importer(815301076,1909f56bfc062723c751e8b465ee728b)  -> (artifact id: '4fdb2084e80e78453441d2ab172ba5a6') in 0.003904 seconds 
========================================================================
Received Import Request.
  Time since last request: 0.026770 seconds.
  path: Packages/com.unity.render-pipelines.core/Tests/Runtime/Unity.RenderPipelines.Core.Runtime.Tests.asmdef
  artifactKey: Guid(bf043f86dbf1bda4398ec83eebe40b8c) Importer(815301076,1909f56bfc062723c751e8b465ee728b)
Start importing Packages/com.unity.render-pipelines.core/Tests/Runtime/Unity.RenderPipelines.Core.Runtime.Tests.asmdef using Guid(bf043f86dbf1bda4398ec83eebe40b8c) Importer(815301076,1909f56bfc062723c751e8b465ee728b)  -> (artifact id: '97f3fe5098b40898fc1ae1abebc26f08') in 0.003310 seconds 
========================================================================
Received Import Request.
  Time since last request: 0.000035 seconds.
  path: Packages/com.unity.services.core/Runtime/Scheduler/Unity.Services.Core.Scheduler.asmdef
  artifactKey: Guid(13e422d7b3aa04e7994f974a3d50c391) Importer(815301076,1909f56bfc062723c751e8b465ee728b)
Start importing Packages/com.unity.services.core/Runtime/Scheduler/Unity.Services.Core.Scheduler.asmdef using Guid(13e422d7b3aa04e7994f974a3d50c391) Importer(815301076,1909f56bfc062723c751e8b465ee728b)  -> (artifact id: 'f0e4e9af4fe4250189c4424f48699efd') in 0.002837 seconds 
========================================================================
Received Import Request.
  Time since last request: 0.000032 seconds.
  path: Packages/com.unity.services.core/Runtime/Networking/Unity.Services.Core.Networking.asmdef
  artifactKey: Guid(4fc462806a32aa245a7b28367381bf24) Importer(815301076,1909f56bfc062723c751e8b465ee728b)
Start importing Packages/com.unity.services.core/Runtime/Networking/Unity.Services.Core.Networking.asmdef using Guid(4fc462806a32aa245a7b28367381bf24) Importer(815301076,1909f56bfc062723c751e8b465ee728b)  -> (artifact id: '888be3428f0648bcfe680ced06989aa5') in 0.003397 seconds 
========================================================================
Received Import Request.
  Time since last request: 0.000038 seconds.
  path: Packages/com.unity.services.core/Runtime/Environments/Internal/Unity.Services.Core.Environments.Internal.asmdef
  artifactKey: Guid(93dfd405b987c45479315eb420601044) Importer(815301076,1909f56bfc062723c751e8b465ee728b)
Start importing Packages/com.unity.services.core/Runtime/Environments/Internal/Unity.Services.Core.Environments.Internal.asmdef using Guid(93dfd405b987c45479315eb420601044) Importer(815301076,1909f56bfc062723c751e8b465ee728b)  -> (artifact id: 'cdb38f5674e74836ec1baca9fc0addc5') in 0.002528 seconds 
========================================================================
Received Import Request.
  Time since last request: 0.000046 seconds.
  path: Packages/com.unity.purchasing/Runtime/SecurityCore/UnityEngine.Purchasing.SecurityCore.asmdef
  artifactKey: Guid(e63a64384cc3ef04cac761c1ce76e9c2) Importer(815301076,1909f56bfc062723c751e8b465ee728b)
Start importing Packages/com.unity.purchasing/Runtime/SecurityCore/UnityEngine.Purchasing.SecurityCore.asmdef using Guid(e63a64384cc3ef04cac761c1ce76e9c2) Importer(815301076,1909f56bfc062723c751e8b465ee728b)  -> (artifact id: 'cc0bf64466940a21944987eb2bcee9d1') in 0.001904 seconds 
========================================================================
Received Import Request.
  Time since last request: 0.000033 seconds.
  path: Packages/com.unity.render-pipelines.core/Runtime/Unity.RenderPipelines.Core.Runtime.asmdef
  artifactKey: Guid(df380645f10b7bc4b97d4f5eb6303d95) Importer(815301076,1909f56bfc062723c751e8b465ee728b)
Start importing Packages/com.unity.render-pipelines.core/Runtime/Unity.RenderPipelines.Core.Runtime.asmdef using Guid(df380645f10b7bc4b97d4f5eb6303d95) Importer(815301076,1909f56bfc062723c751e8b465ee728b)  -> (artifact id: 'cad14361dda99b8d4c89e5f6ca2f482d') in 0.002900 seconds 
========================================================================
Received Import Request.
  Time since last request: 0.000051 seconds.
  path: Packages/com.unity.services.core/Runtime/Analytics/Unity.Services.Core.Analytics.asmdef
  artifactKey: Guid(1104de264d522446f8274872ebf70b3d) Importer(815301076,1909f56bfc062723c751e8b465ee728b)
Start importing Packages/com.unity.services.core/Runtime/Analytics/Unity.Services.Core.Analytics.asmdef using Guid(1104de264d522446f8274872ebf70b3d) Importer(815301076,1909f56bfc062723c751e8b465ee728b)  -> (artifact id: 'a7dec3f571cedd22ceb09134d2027d42') in 0.002862 seconds 
========================================================================
Received Import Request.
  Time since last request: 0.000060 seconds.
  path: Packages/com.unity.services.core/Editor/Core/Configuration/Unity.Services.Core.Configuration.Editor.asmdef
  artifactKey: Guid(d0d897c4aa12b8140b650ec29e099ff7) Importer(815301076,1909f56bfc062723c751e8b465ee728b)
Start importing Packages/com.unity.services.core/Editor/Core/Configuration/Unity.Services.Core.Configuration.Editor.asmdef using Guid(d0d897c4aa12b8140b650ec29e099ff7) Importer(815301076,1909f56bfc062723c751e8b465ee728b)  -> (artifact id: '179e29091d340cac114b12f600ac7bb9') in 0.003076 seconds 
========================================================================
Received Import Request.
  Time since last request: 0.000033 seconds.
  path: Packages/com.unity.render-pipelines.core/ShaderLibrary/Unity.RenderPipelines.Core.ShaderLibrary.asmdef
  artifactKey: Guid(46a67ded66a63de48b9329c593fc08de) Importer(815301076,1909f56bfc062723c751e8b465ee728b)
Start importing Packages/com.unity.render-pipelines.core/ShaderLibrary/Unity.RenderPipelines.Core.ShaderLibrary.asmdef using Guid(46a67ded66a63de48b9329c593fc08de) Importer(815301076,1909f56bfc062723c751e8b465ee728b)  -> (artifact id: 'cf29367e527c78dd2b09b4a5b0d79b20') in 0.002668 seconds 
========================================================================
Received Import Request.
  Time since last request: 0.000052 seconds.
  path: Packages/com.unity.purchasing/Runtime/AppleCore/UnityEngine.Purchasing.AppleCore.asmdef
  artifactKey: Guid(38106865282c8c64c93112192f9fe21b) Importer(815301076,1909f56bfc062723c751e8b465ee728b)
Start importing Packages/com.unity.purchasing/Runtime/AppleCore/UnityEngine.Purchasing.AppleCore.asmdef using Guid(38106865282c8c64c93112192f9fe21b) Importer(815301076,1909f56bfc062723c751e8b465ee728b)  -> (artifact id: 'f24dcdab309d5efc8f06b7619ef51adc') in 0.002551 seconds 
========================================================================
Received Import Request.
  Time since last request: 0.000056 seconds.
  path: Packages/com.unity.render-pipelines.core/Editor/Unity.RenderPipelines.Core.Editor.asmdef
  artifactKey: Guid(3eae0364be2026648bf74846acb8a731) Importer(815301076,1909f56bfc062723c751e8b465ee728b)
Start importing Packages/com.unity.render-pipelines.core/Editor/Unity.RenderPipelines.Core.Editor.asmdef using Guid(3eae0364be2026648bf74846acb8a731) Importer(815301076,1909f56bfc062723c751e8b465ee728b)  -> (artifact id: 'd6e51dc784c1f4468cc1ac50f24e673a') in 0.002388 seconds 
Editor requested this worker to shutdown with reason: Scaling down because of idle timeout
AssetImportWorker is now disconnected from the server
Process exiting
Exiting without the bug reporter. Application will terminate with return code 0