Using pre-set license
Built from '2021.3/staging' branch; Version is '2021.3.4f1 (cb45f9cae8b7) revision 13321721'; Using compiler version '192829333'; Build Type 'Release'
OS: 'Windows 10  (10.0.19043) 64bit Professional' Language: 'zh' Physical Memory: 16061 MB
BatchMode: 1, IsHumanControllingUs: 0, StartBugReporterOnCrash: 0, Is64bit: 1, IsPro: 1

COMMAND LINE ARGUMENTS:
C:\Program Files\Unity\Hub\Editor\2021.3.4f1\Editor\Unity.exe
-adb2
-batchMode
-noUpm
-name
AssetImportWorker1
-projectPath
D:/my/Unity/AngryBots2/AngryBots2_Project
-logFile
Logs/AssetImportWorker1.log
-srvPort
60849
Successfully changed project path to: D:/my/Unity/AngryBots2/AngryBots2_Project
D:/my/Unity/AngryBots2/AngryBots2_Project
[UnityMemory] Configuration Parameters - Can be set up in boot.config
    "memorysetup-bucket-allocator-granularity=16"
    "memorysetup-bucket-allocator-bucket-count=8"
    "memorysetup-bucket-allocator-block-size=33554432"
    "memorysetup-bucket-allocator-block-count=8"
    "memorysetup-main-allocator-block-size=16777216"
    "memorysetup-thread-allocator-block-size=16777216"
    "memorysetup-gfx-main-allocator-block-size=16777216"
    "memorysetup-gfx-thread-allocator-block-size=16777216"
    "memorysetup-cache-allocator-block-size=4194304"
    "memorysetup-typetree-allocator-block-size=2097152"
    "memorysetup-profiler-bucket-allocator-granularity=16"
    "memorysetup-profiler-bucket-allocator-bucket-count=8"
    "memorysetup-profiler-bucket-allocator-block-size=33554432"
    "memorysetup-profiler-bucket-allocator-block-count=8"
    "memorysetup-profiler-allocator-block-size=16777216"
    "memorysetup-profiler-editor-allocator-block-size=1048576"
    "memorysetup-temp-allocator-size-main=16777216"
    "memorysetup-job-temp-allocator-block-size=2097152"
    "memorysetup-job-temp-allocator-block-size-background=1048576"
    "memorysetup-job-temp-allocator-reduction-small-platforms=262144"
    "memorysetup-temp-allocator-size-background-worker=32768"
    "memorysetup-temp-allocator-size-job-worker=262144"
    "memorysetup-temp-allocator-size-preload-manager=33554432"
    "memorysetup-temp-allocator-size-nav-mesh-worker=65536"
    "memorysetup-temp-allocator-size-audio-worker=65536"
    "memorysetup-temp-allocator-size-cloud-worker=32768"
    "memorysetup-temp-allocator-size-gi-baking-worker=262144"
    "memorysetup-temp-allocator-size-gfx=262144"
Refreshing native plugins compatible for Editor in 65.12 ms, found 2 plugins.
Preloading 0 native plugins for Editor in 0.00 ms.
Initialize engine version: 2021.3.4f1 (cb45f9cae8b7)
[Subsystems] Discovering subsystems at path C:/Program Files/Unity/Hub/Editor/2021.3.4f1/Editor/Data/Resources/UnitySubsystems
[Subsystems] Discovering subsystems at path D:/my/Unity/AngryBots2/AngryBots2_Project/Assets
GfxDevice: creating device client; threaded=0; jobified=0
Direct3D:
    Version:  Direct3D 11.0 [level 11.1]
    Renderer: NVIDIA GeForce RTX 3060 Laptop GPU (ID=0x2520)
    Vendor:   NVIDIA
    VRAM:     6023 MB
    Driver:   30.0.15.1179
Initialize mono
Mono path[0] = 'C:/Program Files/Unity/Hub/Editor/2021.3.4f1/Editor/Data/Managed'
Mono path[1] = 'C:/Program Files/Unity/Hub/Editor/2021.3.4f1/Editor/Data/MonoBleedingEdge/lib/mono/unityjit-win32'
Mono config path = 'C:/Program Files/Unity/Hub/Editor/2021.3.4f1/Editor/Data/MonoBleedingEdge/etc'
Using monoOptions --debugger-agent=transport=dt_socket,embedding=1,server=y,suspend=n,address=127.0.0.1:56140
Begin MonoManager ReloadAssembly
Registering precompiled unity dll's ...
Register platform support module: C:/Program Files/Unity/Hub/Editor/2021.3.4f1/Editor/Data/PlaybackEngines/WindowsStandaloneSupport/UnityEditor.WindowsStandalone.Extensions.dll
Registered in 0.006760 seconds.
Native extension for WindowsStandalone target not found
Refreshing native plugins compatible for Editor in 62.97 ms, found 2 plugins.
Preloading 0 native plugins for Editor in 0.00 ms.
Mono: successfully reloaded assembly
- Completed reload, in  0.525 seconds
Domain Reload Profiling:
	ReloadAssembly (525ms)
		BeginReloadAssembly (74ms)
			ExecutionOrderSort (0ms)
			DisableScriptedObjects (0ms)
			BackupInstance (0ms)
			ReleaseScriptingObjects (0ms)
			CreateAndSetChildDomain (1ms)
		EndReloadAssembly (361ms)
			LoadAssemblies (72ms)
			RebuildTransferFunctionScriptingTraits (0ms)
			SetupTypeCache (85ms)
			ReleaseScriptCaches (0ms)
			RebuildScriptCaches (22ms)
			SetupLoadedEditorAssemblies (213ms)
				LogAssemblyErrors (0ms)
				InitializePlatformSupportModulesInManaged (7ms)
				SetLoadedEditorAssemblies (0ms)
				RefreshPlugins (63ms)
				BeforeProcessingInitializeOnLoad (1ms)
				ProcessInitializeOnLoadAttributes (102ms)
				ProcessInitializeOnLoadMethodAttributes (40ms)
				AfterProcessingInitializeOnLoad (0ms)
				EditorAssembliesLoaded (0ms)
			ExecutionOrderSort2 (0ms)
			AwakeInstancesAfterBackupRestoration (0ms)
Platform modules already initialized, skipping
Registering precompiled user dll's ...
Registered in 0.005760 seconds.
Begin MonoManager ReloadAssembly
Native extension for WindowsStandalone target not found
Refreshing native plugins compatible for Editor in 60.57 ms, found 2 plugins.
Preloading 0 native plugins for Editor in 0.00 ms.
Package Manager log level set to [2]
Mono: successfully reloaded assembly
- Completed reload, in  1.123 seconds
Domain Reload Profiling:
	ReloadAssembly (1124ms)
		BeginReloadAssembly (90ms)
			ExecutionOrderSort (0ms)
			DisableScriptedObjects (4ms)
			BackupInstance (0ms)
			ReleaseScriptingObjects (0ms)
			CreateAndSetChildDomain (18ms)
		EndReloadAssembly (928ms)
			LoadAssemblies (113ms)
			RebuildTransferFunctionScriptingTraits (0ms)
			SetupTypeCache (195ms)
			ReleaseScriptCaches (1ms)
			RebuildScriptCaches (52ms)
			SetupLoadedEditorAssemblies (523ms)
				LogAssemblyErrors (0ms)
				InitializePlatformSupportModulesInManaged (4ms)
				SetLoadedEditorAssemblies (0ms)
				RefreshPlugins (61ms)
				BeforeProcessingInitializeOnLoad (84ms)
				ProcessInitializeOnLoadAttributes (218ms)
				ProcessInitializeOnLoadMethodAttributes (146ms)
				AfterProcessingInitializeOnLoad (10ms)
				EditorAssembliesLoaded (0ms)
			ExecutionOrderSort2 (0ms)
			AwakeInstancesAfterBackupRestoration (7ms)
Platform modules already initialized, skipping
========================================================================
Worker process is ready to serve import requests
Launched and connected shader compiler UnityShaderCompiler.exe after 0.05 seconds
Refreshing native plugins compatible for Editor in 1.37 ms, found 2 plugins.
Preloading 0 native plugins for Editor in 0.00 ms.
Unloading 4280 Unused Serialized files (Serialized files now loaded: 0)
Unloading 83 unused Assets / (0.8 MB). Loaded Objects now: 4704.
Memory consumption went from 182.7 MB to 181.9 MB.
Total: 6.009100 ms (FindLiveObjects: 0.518600 ms CreateObjectMapping: 0.143900 ms MarkObjects: 4.884900 ms  DeleteObjects: 0.460000 ms)

AssetImportParameters requested are different than current active one (requested -> active):
  custom:video-decoder-ogg-theora: a1e56fd34408186e4bbccfd4996cb3dc -> 
  custom:container-muxer-webm: aa71ff27fc2769a1b78a27578f13a17b -> 
  custom:container-demuxer-webm: 4f35f7cbe854078d1ac9338744f61a02 -> 
  custom:video-encoder-webm-vp8: eb34c28f22e8b96e1ab97ce403110664 -> 
  custom:video-codec-MediaFoundation-h265: 746d11721c4dcdbdad8f713fa42b33f4 -> 
  custom:audio-encoder-webm-vorbis: bf7c407c2cedff20999df2af8eb42d56 -> 
  custom:framework-win-MediaFoundation: 216162199b28c13a410421893ffa2e32 -> 
  custom:container-demuxer-ogg: 62fdf1f143b41e24485cea50d1cbac27 -> 
  custom:video-decoder-webm-vp8: 9c59270c3fd7afecdb556c50c9e8de78 -> 
  custom:audio-decoder-ogg-vorbis: bf7c407c2cedff20999df2af8eb42d56 -> 
========================================================================
Received Import Request.
  Time since last request: 284839.365156 seconds.
  path: Assets/UniversalRenderPipelineGlobalSettings.asset
  artifactKey: Guid(674b2901ebee1c841a5cbdc7c3e49690) Importer(815301076,1909f56bfc062723c751e8b465ee728b)
Start importing Assets/UniversalRenderPipelineGlobalSettings.asset using Guid(674b2901ebee1c841a5cbdc7c3e49690) Importer(815301076,1909f56bfc062723c751e8b465ee728b)  -> (artifact id: '6bd30084c805ffb006e42bfc7d6b6623') in 0.037573 seconds 
========================================================================
Received Import Request.
  Time since last request: 381.178798 seconds.
  path: Packages/com.unity.shadergraph/Editor/Generation/Targets/BuiltIn/ShaderLibrary/Core.hlsl
  artifactKey: Guid(e01bb373f731e2946bb996c6b980c1ab) Importer(815301076,1909f56bfc062723c751e8b465ee728b)
Start importing Packages/com.unity.shadergraph/Editor/Generation/Targets/BuiltIn/ShaderLibrary/Core.hlsl using Guid(e01bb373f731e2946bb996c6b980c1ab) Importer(815301076,1909f56bfc062723c751e8b465ee728b)  -> (artifact id: '11e3d9eb71651c65f43f260cdd80716c') in 0.007598 seconds 
========================================================================
Received Import Request.
  Time since last request: 0.049760 seconds.
  path: Packages/com.unity.render-pipelines.core/ShaderLibrary/API/GLCore.hlsl
  artifactKey: Guid(17e9ff94ac9e8aa4e81b23222a4dc205) Importer(815301076,1909f56bfc062723c751e8b465ee728b)
Start importing Packages/com.unity.render-pipelines.core/ShaderLibrary/API/GLCore.hlsl using Guid(17e9ff94ac9e8aa4e81b23222a4dc205) Importer(815301076,1909f56bfc062723c751e8b465ee728b)  -> (artifact id: 'f4f116a4701228befb48f5eb799a16e1') in 0.003490 seconds 
========================================================================
Received Import Request.
  Time since last request: 0.028718 seconds.
  path: Packages/com.unity.services.core/Runtime/Core/Unity.Services.Core.asmdef
  artifactKey: Guid(fe25561d224ed4743af4c60938a59d0b) Importer(815301076,1909f56bfc062723c751e8b465ee728b)
Start importing Packages/com.unity.services.core/Runtime/Core/Unity.Services.Core.asmdef using Guid(fe25561d224ed4743af4c60938a59d0b) Importer(815301076,1909f56bfc062723c751e8b465ee728b)  -> (artifact id: 'c17a8acc7f408262d83a11748eba4d86') in 0.004078 seconds 
========================================================================
Received Import Request.
  Time since last request: 0.000022 seconds.
  path: Packages/com.unity.services.core/Runtime/Device/Unity.Services.Core.Device.asmdef
  artifactKey: Guid(614c328814c3e4cb89d08dcc15048513) Importer(815301076,1909f56bfc062723c751e8b465ee728b)
Start importing Packages/com.unity.services.core/Runtime/Device/Unity.Services.Core.Device.asmdef using Guid(614c328814c3e4cb89d08dcc15048513) Importer(815301076,1909f56bfc062723c751e8b465ee728b)  -> (artifact id: '240ea095d2eb058776c7f2ad3a4c0f1c') in 0.002182 seconds 
========================================================================
Received Import Request.
  Time since last request: 0.000023 seconds.
  path: Packages/com.unity.purchasing/Runtime/WinRTCore/UnityEngine.Purchasing.WinRTCore.asmdef
  artifactKey: Guid(e0481cc7f70ec8c48994e207808fddef) Importer(815301076,1909f56bfc062723c751e8b465ee728b)
Start importing Packages/com.unity.purchasing/Runtime/WinRTCore/UnityEngine.Purchasing.WinRTCore.asmdef using Guid(e0481cc7f70ec8c48994e207808fddef) Importer(815301076,1909f56bfc062723c751e8b465ee728b)  -> (artifact id: '57fa85a2431473ab1740cb692490ed3b') in 0.003125 seconds 
========================================================================
Received Import Request.
  Time since last request: 0.000020 seconds.
  path: Packages/com.unity.services.core/Runtime/Threading/Unity.Services.Core.Threading.asmdef
  artifactKey: Guid(424c109c039b23a469d7e72a2a76e122) Importer(815301076,1909f56bfc062723c751e8b465ee728b)
Start importing Packages/com.unity.services.core/Runtime/Threading/Unity.Services.Core.Threading.asmdef using Guid(424c109c039b23a469d7e72a2a76e122) Importer(815301076,1909f56bfc062723c751e8b465ee728b)  -> (artifact id: '10fac0cbb6fb05ac44c5c7306248fd69') in 0.003276 seconds 
========================================================================
Received Import Request.
  Time since last request: 0.000034 seconds.
  path: Packages/com.unity.services.core/Runtime/Telemetry/Unity.Services.Core.Telemetry.asmdef
  artifactKey: Guid(d8e56012c572e204692b3fe5183b7da1) Importer(815301076,1909f56bfc062723c751e8b465ee728b)
Start importing Packages/com.unity.services.core/Runtime/Telemetry/Unity.Services.Core.Telemetry.asmdef using Guid(d8e56012c572e204692b3fe5183b7da1) Importer(815301076,1909f56bfc062723c751e8b465ee728b)  -> (artifact id: '96923312738978b51e3a99aa80f62295') in 0.002752 seconds 
========================================================================
Received Import Request.
  Time since last request: 0.000029 seconds.
  path: Packages/com.unity.services.core/Runtime/Registration/Unity.Services.Core.Registration.asmdef
  artifactKey: Guid(7a3effa9f908d4e8a88877e048cf05dd) Importer(815301076,1909f56bfc062723c751e8b465ee728b)
Start importing Packages/com.unity.services.core/Runtime/Registration/Unity.Services.Core.Registration.asmdef using Guid(7a3effa9f908d4e8a88877e048cf05dd) Importer(815301076,1909f56bfc062723c751e8b465ee728b)  -> (artifact id: '22f4fc28203cf7860586fcebd49f79ce') in 0.005052 seconds 
========================================================================
Received Import Request.
  Time since last request: 0.000029 seconds.
  path: Packages/com.unity.services.core/Runtime/Configuration/Unity.Services.Core.Configuration.asmdef
  artifactKey: Guid(4077802dea91b4b6d878b48b4160bd81) Importer(815301076,1909f56bfc062723c751e8b465ee728b)
Start importing Packages/com.unity.services.core/Runtime/Configuration/Unity.Services.Core.Configuration.asmdef using Guid(4077802dea91b4b6d878b48b4160bd81) Importer(815301076,1909f56bfc062723c751e8b465ee728b)  -> (artifact id: 'a6a040d2a81318c59e1bfac3a049c679') in 0.003374 seconds 
========================================================================
Received Import Request.
  Time since last request: 0.000101 seconds.
  path: Packages/com.unity.services.core/Runtime/Core.Internal/Unity.Services.Core.Internal.asmdef
  artifactKey: Guid(f82009cf854e040a18ebb38251781c58) Importer(815301076,1909f56bfc062723c751e8b465ee728b)
Start importing Packages/com.unity.services.core/Runtime/Core.Internal/Unity.Services.Core.Internal.asmdef using Guid(f82009cf854e040a18ebb38251781c58) Importer(815301076,1909f56bfc062723c751e8b465ee728b)  -> (artifact id: 'd9f6934fc6597d0c38d84c0d6b5da0b3') in 0.003443 seconds 
========================================================================
Received Import Request.
  Time since last request: 0.000031 seconds.
  path: Packages/com.unity.services.core/Editor/Core/Unity.Services.Core.Editor.asmdef
  artifactKey: Guid(1c66728ad60364b82bf095d383b87458) Importer(815301076,1909f56bfc062723c751e8b465ee728b)
Start importing Packages/com.unity.services.core/Editor/Core/Unity.Services.Core.Editor.asmdef using Guid(1c66728ad60364b82bf095d383b87458) Importer(815301076,1909f56bfc062723c751e8b465ee728b)  -> (artifact id: 'a351f7790e5b877dbd19af7944fbc375') in 0.003486 seconds 
========================================================================
Received Import Request.
  Time since last request: 0.000037 seconds.
  path: Packages/com.unity.services.core/Runtime/Environments/Unity.Services.Core.Environments.asmdef
  artifactKey: Guid(70ea675efa2644cef98c7ece24158333) Importer(815301076,1909f56bfc062723c751e8b465ee728b)
Start importing Packages/com.unity.services.core/Runtime/Environments/Unity.Services.Core.Environments.asmdef using Guid(70ea675efa2644cef98c7ece24158333) Importer(815301076,1909f56bfc062723c751e8b465ee728b)  -> (artifact id: '7793fd753f3c97cbc867ea5983897666') in 0.003115 seconds 
Editor requested this worker to shutdown with reason: Scaling down because of idle timeout
AssetImportWorker is now disconnected from the server
Process exiting
Exiting without the bug reporter. Application will terminate with return code 0